<?xml version="1.0" encoding="utf-8"?><testsuites name="pytest tests"><testsuite name="pytest" errors="0" failures="3" skipped="0" tests="132" time="28.180" timestamp="2026-07-23T01:03:36.436488+00:00" hostname="agent-env-5c70c236-b091-48b9-954e-6da8077e5024"><testcase classname="tests.backend_test.TestAuth" name="test_login_wrong_password" time="3.712" /><testcase classname="tests.backend_test.TestTransactions" name="test_list_seeded" time="0.460"><failure message="AssertionError: Expected &gt;=8 seeded transactions, got 0&#10;assert 0 &gt;= 8">E   AssertionError: Expected &gt;=8 seeded transactions, got 0
    assert 0 &gt;= 8</failure></testcase><testcase classname="tests.backend_test.TestTransactions" name="test_create_transaction" time="0.107" /><testcase classname="tests.backend_test.TestTransactions" name="test_update_transaction" time="0.194" /><testcase classname="tests.backend_test.TestTransactions" name="test_master_vendors" time="0.078" /><testcase classname="tests.backend_test.TestTransactions" name="test_master_items" time="0.061" /><testcase classname="tests.backend_test.TestTransactions" name="test_stats_summary" time="0.065" /><testcase classname="tests.backend_test.TestTransactions" name="test_kpi" time="0.058" /><testcase classname="tests.backend_test.TestMultiCurrency" name="test_create_sgd_sets_total_price_idr" time="0.199" /><testcase classname="tests.backend_test.TestMultiCurrency" name="test_idr_defaults_rate_1" time="0.285" /><testcase classname="tests.backend_test.TestMultiCurrency" name="test_put_recomputes_total_price_idr" time="0.282" /><testcase classname="tests.backend_test.TestMultiCurrency" name="test_bulk_create_mixed_currency" time="0.302" /><testcase classname="tests.backend_test.TestMultiCurrency" name="test_seed_has_sgd_and_usd_with_idr_populated" time="0.063"><failure message="AssertionError: Expected at least one SGD seeded transaction&#10;assert 0 &gt;= 1&#10; +  where 0 = len([])">E   AssertionError: Expected at least one SGD seeded transaction
    assert 0 &gt;= 1
     +  where 0 = len([])</failure></testcase><testcase classname="tests.backend_test.TestBulkDelete" name="test_admin_bulk_delete" time="0.426" /><testcase classname="tests.backend_test.TestBulkDelete" name="test_staff_bulk_delete_allowed" time="0.512" /><testcase classname="tests.backend_test.TestBulkDelete" name="test_finance_bulk_delete_403" time="0.482" /><testcase classname="tests.backend_test.TestAuth" name="test_login_success_sets_cookies" time="0.426" /><testcase classname="tests.backend_test.TestBulkDelete" name="test_store_bulk_delete_403" time="0.668" /><testcase classname="tests.backend_test.TestAuth" name="test_me_requires_auth" time="0.109" /><testcase classname="tests.backend_test.TestBulkDelete" name="test_empty_ids_400" time="0.057" /><testcase classname="tests.backend_test.TestIncomingGoods" name="test_admin_post_incoming_multi_item" time="0.323" /><testcase classname="tests.backend_test.TestAuth" name="test_me_admin" time="0.376" /><testcase classname="tests.backend_test.TestIncomingGoods" name="test_store_can_post_incoming" time="0.052" /><testcase classname="tests.backend_test.TestIncomingGoods" name="test_finance_cannot_post_incoming" time="0.282" /><testcase classname="tests.backend_test.TestAuth" name="test_me_store" time="0.394" /><testcase classname="tests.backend_test.TestIncomingGoods" name="test_incoming_report_filter_by_source" time="0.112" /><testcase classname="tests.backend_test.TestIncomingGoods" name="test_incoming_report_finance_access" time="0.290" /><testcase classname="tests.backend_test.TestAuth" name="test_me_finance" time="0.400" /><testcase classname="tests.backend_test.TestAuth" name="test_logout_clears" time="0.602" /><testcase classname="tests.test_iter11.TestAuthMe" name="test_susanto_is_super_admin" time="0.558" /><testcase classname="tests.backend_test.TestAdminUsers" name="test_list_users" time="0.229" /><testcase classname="tests.test_iter11.TestAuthMe" name="test_erwin_not_super_admin" time="0.365" /><testcase classname="tests.backend_test.TestAdminUsers" name="test_create_and_toggle_user" time="0.585" /><testcase classname="tests.test_iter11.TestAuthMe" name="test_staff_not_super_admin" time="0.556" /><testcase classname="tests.backend_test.TestAdminUsers" name="test_non_admin_cannot_list_users" time="0.546" /><testcase classname="tests.backend_test.TestAdminUsers" name="test_cleanup_created" time="0.045" /><testcase classname="tests.test_iter11.TestAuthMe" name="test_finance_not_super_admin" time="0.581" /><testcase classname="tests.backend_test.TestStoreRole" name="test_store_stock_visible" time="0.055" /><testcase classname="tests.test_iter11.TestAuthMe" name="test_login_payload_has_super_admin_flag" time="0.710" /><testcase classname="tests.backend_test.TestStoreRole" name="test_store_pending_grouped" time="0.274" /><testcase classname="tests.backend_test.TestStoreRole" name="test_store_pending_list" time="0.054"><failure message="assert 0 &gt;= 1&#10; +  where 0 = len([])">E   assert 0 &gt;= 1
     +  where 0 = len([])</failure></testcase><testcase classname="tests.backend_test.TestStoreRole" name="test_store_can_view_transactions" time="0.058" /><testcase classname="tests.backend_test.TestAuthZTransactions" name="test_store_cannot_post_transaction" time="0.228" /><testcase classname="tests.backend_test.TestAuthZTransactions" name="test_store_cannot_put_transaction" time="0.148" /><testcase classname="tests.backend_test.TestFinanceRole" name="test_finance_can_view_transactions" time="0.052" /><testcase classname="tests.backend_test.TestFinanceRole" name="test_finance_can_view_stats" time="0.052" /><testcase classname="tests.backend_test.TestFinanceRole" name="test_finance_can_view_kpi" time="0.047" /><testcase classname="tests.backend_test.TestAuthZTransactions" name="test_store_cannot_delete_transaction" time="0.106" /><testcase classname="tests.backend_test.TestFinanceRole" name="test_finance_cannot_post_transaction" time="0.111" /><testcase classname="tests.backend_test.TestAuthZTransactions" name="test_staff_can_post_transaction" time="0.094" /><testcase classname="tests.backend_test.TestAuthZSalesOrders" name="test_store_cannot_post_so" time="0.105" /><testcase classname="tests.backend_test.TestSalesOrders" name="test_list_sales_orders" time="0.049" /><testcase classname="tests.backend_test.TestSalesOrders" name="test_create_so" time="0.059" /><testcase classname="tests.backend_test.TestAuthZSalesOrders" name="test_store_cannot_delete_so" time="0.215" /><testcase classname="tests.backend_test.TestSalesOrders" name="test_update_so" time="0.051" /><testcase classname="tests.backend_test.TestSalesOrders" name="test_delete_so" time="0.047" /><testcase classname="tests.backend_test.TestAuthZSalesOrders" name="test_staff_can_post_so" time="0.330" /><testcase classname="tests.test_iter11.TestSuperAdminUserMgmt" name="test_susanto_list_users" time="0.425" /><testcase classname="tests.backend_test.TestAuthZSalesOrders" name="test_finance_cannot_post_so" time="0.084" /><testcase classname="tests.test_iter11.TestSuperAdminUserMgmt" name="test_susanto_create_user" time="0.573" /><testcase classname="tests.test_iter11.TestErwinBlocked" name="test_erwin_list_users_403" time="0.563" /><testcase classname="tests.test_iter11.TestSuperAdminUserMgmt" name="test_susanto_update_user" time="0.064" /><testcase classname="tests.test_iter11.TestErwinBlocked" name="test_erwin_create_user_403" time="0.087" /><testcase classname="tests.test_iter11.TestSuperAdminUserMgmt" name="test_susanto_delete_user" time="0.071" /><testcase classname="tests.test_iter4.TestStatsMonthly" name="test_shape" time="0.547" /><testcase classname="tests.test_iter11.TestErwinBlocked" name="test_erwin_update_user_403" time="0.658" /><testcase classname="tests.test_iter11.TestErwinBlocked" name="test_erwin_delete_user_403" time="0.276" /><testcase classname="tests.test_iter4.TestStatsMonthly" name="test_finance_can_view" time="0.435" /><testcase classname="tests.test_iter4.TestDeliveryAutocomplete" name="test_authenticated" time="0.558" /><testcase classname="tests.test_iter4.TestStatsMonthly" name="test_store_can_view" time="0.557" /><testcase classname="tests.test_iter4.TestStatsMonthly" name="test_unauth" time="0.278" /><testcase classname="tests.test_iter4.TestDeliveryAutocomplete" name="test_finance_can_view" time="0.368" /><testcase classname="tests.test_iter4.TestSOAccess" name="test_store_can_get_sales_orders" time="0.047" /><testcase classname="tests.test_iter4.TestDeliveryAutocomplete" name="test_unauth" time="0.159" /><testcase classname="tests.test_iter4.TestSOAccess" name="test_store_cannot_post_so" time="0.047" /><testcase classname="tests.test_iter4.TestSOAccess" name="test_store_cannot_delete_so" time="0.157" /><testcase classname="tests.test_iter4.TestSOAccess" name="test_store_cannot_put_so" time="0.375" /><testcase classname="tests.test_iter4.TestDeliveryAutocomplete" name="test_reflects_created_delivery" time="0.589" /><testcase classname="tests.test_iter4.TestParsePO" name="test_unauth" time="0.107" /><testcase classname="tests.test_iter4.TestParsePO" name="test_unsupported_format" time="0.126" /><testcase classname="tests.test_iter4.TestSOImportXlsx" name="test_admin_import_and_skip_duplicates" time="0.264" /><testcase classname="tests.test_iter4.TestParsePO" name="test_empty_file" time="0.048" /><testcase classname="tests.test_iter4.TestParsePO" name="test_valid_png_returns_fields" time="7.388" /><testcase classname="tests.test_iter4.TestSOImportXlsx" name="test_staff_can_import" time="3.335" /><testcase classname="tests.test_iter4.TestSOImportXlsx" name="test_finance_cannot_import" time="0.083" /><testcase classname="tests.test_iter4.TestSOImportXlsx" name="test_store_cannot_import" time="0.068" /><testcase classname="tests.test_iter8.TestIssuancesXlsx" name="test_admin_has_price_columns" time="0.415" /><testcase classname="tests.test_iter8.TestIssuancesXlsx" name="test_finance_has_price_columns" time="0.508" /><testcase classname="tests.test_iter8.TestIssuancesXlsx" name="test_store_no_price_columns" time="0.377" /><testcase classname="tests.test_iter8.TestIssuancesXlsx" name="test_staff_forbidden" time="0.388" /><testcase classname="tests.test_iter8.TestDeliveriesXlsx" name="test_admin_download" time="0.059" /><testcase classname="tests.test_iter8.TestDeliveriesXlsx" name="test_store_can_download" time="0.053" /><testcase classname="tests.test_iter8.TestDeliveriesXlsx" name="test_staff_can_download" time="0.053" /><testcase classname="tests.test_iter8.TestDeliveriesXlsx" name="test_flattened_rows_per_item" time="0.227" /><testcase classname="tests.test_iter9.TestPendingCountRBAC" name="test_admin_can_get" time="0.396" /><testcase classname="tests.test_iter9.TestPendingCountRBAC" name="test_store_forbidden" time="0.388" /><testcase classname="tests.test_iter9.TestPendingCountRBAC" name="test_finance_forbidden" time="0.370" /><testcase classname="tests.test_iter9.TestPendingCountRBAC" name="test_unauth" time="0.151" /><testcase classname="tests.backend_test.TestAuthZDeliveries" name="test_store_can_post_delivery" time="0.113" /><testcase classname="tests.backend_test.TestAuthZDeliveries" name="test_staff_cannot_delete_delivery" time="0.190" /><testcase classname="tests.backend_test.TestAuthZDeliveries" name="test_finance_cannot_post_delivery" time="0.089" /><testcase classname="tests.test_iter8.TestIncomingReportXlsx" name="test_admin_download" time="0.562" /><testcase classname="tests.test_iter11.TestErwinOtherAdminActions" name="test_erwin_can_view_logs" time="0.573" /><testcase classname="tests.test_iter11.TestErwinOtherAdminActions" name="test_erwin_can_post_transaction" time="0.049" /><testcase classname="tests.test_iter11.TestErwinOtherAdminActions" name="test_erwin_can_review_store_request" time="0.225" /><testcase classname="tests.test_iter8.TestIncomingReportXlsx" name="test_store_download" time="0.382" /><testcase classname="tests.test_iter8.TestIncomingReportXlsx" name="test_finance_download" time="0.722" /><testcase classname="tests.test_iter12.TestNonAdminForbidden" name="test_staff_403" time="1.232" /><testcase classname="tests.test_iter8.TestIncomingReportXlsx" name="test_staff_forbidden" time="0.402" /><testcase classname="tests.test_iter8.TestXlsxAuth" name="test_incoming_report_xlsx_unauth" time="0.125" /><testcase classname="tests.test_iter8.TestXlsxAuth" name="test_issuances_xlsx_unauth" time="0.247" /><testcase classname="tests.test_iter12.TestNonAdminForbidden" name="test_store_403" time="0.528" /><testcase classname="tests.test_iter8.TestXlsxAuth" name="test_deliveries_xlsx_unauth" time="0.158" /><testcase classname="tests.backend_test.TestGRNAutoUpdate" name="test_bulk_receive_updates_source_transaction" time="0.410" /><testcase classname="tests.test_iter12.TestNonAdminForbidden" name="test_finance_403" time="0.638" /><testcase classname="tests.backend_test.TestGRNAutoUpdate" name="test_bulk_receive_add_to_stock_false_sets_qty_remaining_0" time="0.204" /><testcase classname="tests.backend_test.TestAdminDirectToggleAddToStock" name="test_toggle_off_and_on" time="0.304" /><testcase classname="tests.backend_test.TestDeliveries" name="test_list_deliveries" time="0.099" /><testcase classname="tests.backend_test.TestDeliveries" name="test_create_delivery" time="0.117" /><testcase classname="tests.backend_test.TestAdminDirectToggleAddToStock" name="test_toggle_off_blocked_after_consumption" time="0.413" /><testcase classname="tests.test_iter12.TestEdgeCases" name="test_empty_ids_400" time="0.428" /><testcase classname="tests.test_iter12.TestEdgeCases" name="test_unknown_id_404" time="0.052" /><testcase classname="tests.test_iter12.TestAdminBulkDelete" name="test_susanto_bulk_delete_receipt" time="0.887" /><testcase classname="tests.test_iter9.TestApprovalFlow" name="test_create_receipt_request_and_review" time="1.529" /><testcase classname="tests.test_iter12.TestAdminBulkDelete" name="test_erwin_bulk_delete_receipt" time="0.566" /><testcase classname="tests.backend_test.TestImportForcesPostToStoreFalse" name="test_import_xlsx_forces_post_to_store_false" time="0.271" /><testcase classname="tests.test_iter9.TestApprovalFlow" name="test_store_cannot_review" time="0.629" /><testcase classname="tests.backend_test.TestZCleanup" name="test_cleanup_test_transactions" time="0.091" /><testcase classname="tests.test_iter12.TestConsumedProtection" name="test_consumed_blocks_unless_force" time="0.786" /><testcase classname="tests.backend_test.TestErwinAdmin" name="test_erwin_login" time="0.392" /><testcase classname="tests.test_iter8.TestSalesOrderSort" name="test_sos_sorted_ascending" time="0.564" /><testcase classname="tests.test_iter4.TestDeliveryItemSoNo" name="test_so_no_stored_and_retrieved" time="1.120" /></testsuite></testsuites>