<?xml version="1.0" encoding="utf-8"?><testsuites name="pytest tests"><testsuite name="pytest" errors="0" failures="0" skipped="0" tests="12" time="3.103" timestamp="2026-07-23T09:04:09.901915+00:00" hostname="agent-env-5c70c236-b091-48b9-954e-6da8077e5024"><testcase classname="tests.test_iter14" name="test_master_categories_endpoint_exists" time="0.429" /><testcase classname="tests.test_iter14" name="test_create_tx_with_category_and_verify" time="0.192" /><testcase classname="tests.test_iter14" name="test_create_tx_without_category_defaults_uncategorized" time="0.088" /><testcase classname="tests.test_iter14" name="test_update_tx_category" time="0.174" /><testcase classname="tests.test_iter14" name="test_excel_export_has_kategori_column" time="0.062" /><testcase classname="tests.test_iter14" name="test_correction_edit_taker_name_auto_applied" time="0.276" /><testcase classname="tests.test_iter14" name="test_correction_edit_so_number_auto_applied" time="0.267" /><testcase classname="tests.test_iter14" name="test_correction_edit_qty_decrease_refunds_receipt" time="0.389" /><testcase classname="tests.test_iter14" name="test_correction_qty_increase_insufficient_stock_returns_400" time="0.306" /><testcase classname="tests.test_iter14" name="test_correction_delete_refunds_allocations" time="0.352" /><testcase classname="tests.test_iter14" name="test_correction_invalid_field_rejected" time="0.178" /><testcase classname="tests.test_iter14" name="test_correction_qty_zero_or_negative_rejected" time="0.216" /></testsuite></testsuites>