<?xml version="1.0" encoding="utf-8"?><testsuites name="pytest tests"><testsuite name="pytest" errors="0" failures="0" skipped="0" tests="10" time="1.203" timestamp="2026-07-23T09:44:27.377901+00:00" hostname="agent-env-5c70c236-b091-48b9-954e-6da8077e5024"><testcase classname="tests.test_iter16.TestPreparedByRequired" name="test_upload_without_prepared_by_returns_422" time="0.574" /><testcase classname="tests.test_iter16.TestPreparedByRequired" name="test_upload_empty_prepared_by_returns_400" time="0.059" /><testcase classname="tests.test_iter16.TestRevisionFlow" name="test_upload_existing_so_without_reason_returns_409_structured" time="0.059" /><testcase classname="tests.test_iter16.TestRevisionFlow" name="test_upload_with_reason_creates_next_rev" time="0.149" /><testcase classname="tests.test_iter16.TestPreparers" name="test_preparers_returns_sorted_distinct" time="0.086" /><testcase classname="tests.test_iter16.TestSearch" name="test_q_by_so" time="0.045" /><testcase classname="tests.test_iter16.TestSearch" name="test_q_by_customer_case_insensitive" time="0.047" /><testcase classname="tests.test_iter16.TestSearch" name="test_q_by_project" time="0.047" /><testcase classname="tests.test_iter16.TestSearch" name="test_q_no_match" time="0.043" /><testcase classname="tests.test_iter16.TestSearch" name="test_so_exact_backward_compat" time="0.043" /></testsuite></testsuites>