<?xml version="1.0" encoding="utf-8"?><testsuites name="pytest tests"><testsuite name="pytest" errors="0" failures="0" skipped="0" tests="8" time="3.107" timestamp="2026-07-23T01:03:27.673811+00:00" hostname="agent-env-5c70c236-b091-48b9-954e-6da8077e5024"><testcase classname="tests.test_iter12.TestAdminBulkDelete" name="test_susanto_bulk_delete_receipt" time="1.185" /><testcase classname="tests.test_iter12.TestNonAdminForbidden" name="test_staff_403" time="1.190" /><testcase classname="tests.test_iter12.TestAdminBulkDelete" name="test_erwin_bulk_delete_receipt" time="0.642" /><testcase classname="tests.test_iter12.TestNonAdminForbidden" name="test_store_403" time="0.743" /><testcase classname="tests.test_iter12.TestEdgeCases" name="test_empty_ids_400" time="0.050" /><testcase classname="tests.test_iter12.TestEdgeCases" name="test_unknown_id_404" time="0.050" /><testcase classname="tests.test_iter12.TestNonAdminForbidden" name="test_finance_403" time="0.572" /><testcase classname="tests.test_iter12.TestConsumedProtection" name="test_consumed_blocks_unless_force" time="0.255" /></testsuite></testsuites>