<?xml version="1.0" encoding="utf-8"?><testsuites name="pytest tests"><testsuite name="pytest" errors="0" failures="1" skipped="0" tests="141" time="22.595" timestamp="2026-07-23T08:20:17.915151+00:00" hostname="agent-env-5c70c236-b091-48b9-954e-6da8077e5024"><testcase classname="tests.backend_test.TestAuth" name="test_login_wrong_password" time="0.577" /><testcase classname="tests.backend_test.TestTransactions" name="test_list_seeded" time="0.581" /><testcase classname="tests.backend_test.TestTransactions" name="test_create_transaction" time="0.319" /><testcase classname="tests.backend_test.TestAuth" name="test_login_success_sets_cookies" time="0.323" /><testcase classname="tests.backend_test.TestAuth" name="test_me_requires_auth" time="0.095" /><testcase classname="tests.backend_test.TestTransactions" name="test_update_transaction" time="0.141" /><testcase classname="tests.backend_test.TestTransactions" name="test_master_vendors" time="0.049" /><testcase classname="tests.backend_test.TestTransactions" name="test_master_items" time="0.263" /><testcase classname="tests.backend_test.TestAuth" name="test_me_admin" time="0.403" /><testcase classname="tests.backend_test.TestTransactions" name="test_stats_summary" time="0.049" /><testcase classname="tests.backend_test.TestTransactions" name="test_kpi" time="0.046" /><testcase classname="tests.backend_test.TestMultiCurrency" name="test_create_sgd_sets_total_price_idr" time="0.361" /><testcase classname="tests.backend_test.TestAuth" name="test_me_store" time="0.410" /><testcase classname="tests.backend_test.TestMultiCurrency" name="test_idr_defaults_rate_1" time="0.094" /><testcase classname="tests.backend_test.TestMultiCurrency" name="test_put_recomputes_total_price_idr" time="0.631" /><testcase classname="tests.backend_test.TestAuth" name="test_me_finance" time="0.364" /><testcase classname="tests.backend_test.TestAuth" name="test_logout_clears" time="0.406" /><testcase classname="tests.backend_test.TestMultiCurrency" name="test_bulk_create_mixed_currency" time="0.230" /><testcase classname="tests.backend_test.TestBulkDelete" name="test_admin_bulk_delete" time="0.327" /><testcase classname="tests.backend_test.TestMultiCurrency" name="test_seed_has_sgd_and_usd_with_idr_populated" time="0.047" /><testcase classname="tests.backend_test.TestIncomingGoods" name="test_admin_post_incoming_multi_item" time="0.096" /><testcase classname="tests.backend_test.TestBulkDelete" name="test_staff_bulk_delete_allowed" time="0.638" /><testcase classname="tests.backend_test.TestIncomingGoods" name="test_store_can_post_incoming" time="0.631" /><testcase classname="tests.backend_test.TestBulkDelete" name="test_finance_bulk_delete_403" time="0.323" /><testcase classname="tests.backend_test.TestIncomingGoods" name="test_finance_cannot_post_incoming" time="0.366" /><testcase classname="tests.backend_test.TestBulkDelete" name="test_store_bulk_delete_403" time="0.215" /><testcase classname="tests.backend_test.TestIncomingGoods" name="test_incoming_report_filter_by_source" time="0.096" /><testcase classname="tests.backend_test.TestIncomingGoods" name="test_incoming_report_finance_access" time="0.045" /><testcase classname="tests.backend_test.TestBulkDelete" name="test_empty_ids_400" time="0.043" /><testcase classname="tests.test_iter13.TestIssuanceTakers" name="test_endpoint_returns_200_array" time="0.553" /><testcase classname="tests.test_iter11.TestAuthMe" name="test_susanto_is_super_admin" time="0.527" /><testcase classname="tests.test_iter13.TestIssuanceTakers" name="test_store_can_access" time="0.561" /><testcase classname="tests.test_iter11.TestAuthMe" name="test_erwin_not_super_admin" time="0.553" /><testcase classname="tests.test_iter13.TestIssuanceTakers" name="test_finance_can_access" time="0.598" /><testcase classname="tests.test_iter11.TestAuthMe" name="test_staff_not_super_admin" time="0.640" /><testcase classname="tests.test_iter13.TestIssuanceTakers" name="test_unauth_denied" time="0.105" /><testcase classname="tests.test_iter13.TestIssuanceTakers" name="test_takers_include_created_name" time="0.362" /><testcase classname="tests.test_iter11.TestAuthMe" name="test_finance_not_super_admin" time="0.381" /><testcase classname="tests.test_iter11.TestAuthMe" name="test_login_payload_has_super_admin_flag" time="0.885" /><testcase classname="tests.backend_test.TestAdminUsers" name="test_list_users" time="0.050" /><testcase classname="tests.backend_test.TestAdminUsers" name="test_create_and_toggle_user" time="0.596" /><testcase classname="tests.backend_test.TestStoreRole" name="test_store_stock_visible" time="0.219" /><testcase classname="tests.backend_test.TestAdminUsers" name="test_non_admin_cannot_list_users" time="0.497" /><testcase classname="tests.backend_test.TestStoreRole" name="test_store_pending_grouped" time="0.048" /><testcase classname="tests.backend_test.TestAdminUsers" name="test_cleanup_created" time="0.044" /><testcase classname="tests.backend_test.TestStoreRole" name="test_store_pending_list" time="0.047" /><testcase classname="tests.backend_test.TestFinanceRole" name="test_finance_can_view_transactions" time="0.045" /><testcase classname="tests.backend_test.TestStoreRole" name="test_store_can_view_transactions" time="0.046" /><testcase classname="tests.backend_test.TestFinanceRole" name="test_finance_can_view_stats" time="0.089" /><testcase classname="tests.backend_test.TestAuthZTransactions" name="test_store_cannot_post_transaction" time="0.042" /><testcase classname="tests.backend_test.TestAuthZTransactions" name="test_store_cannot_put_transaction" time="0.186" /><testcase classname="tests.backend_test.TestFinanceRole" name="test_finance_can_view_kpi" time="0.045" /><testcase classname="tests.backend_test.TestFinanceRole" name="test_finance_cannot_post_transaction" time="0.044" /><testcase classname="tests.backend_test.TestAuthZSalesOrders" name="test_store_cannot_post_so" time="0.050" /><testcase classname="tests.backend_test.TestAuthZSalesOrders" name="test_store_cannot_delete_so" time="0.147" /><testcase classname="tests.backend_test.TestAuthZTransactions" name="test_store_cannot_delete_transaction" time="0.133" /><testcase classname="tests.backend_test.TestAuthZTransactions" name="test_staff_can_post_transaction" time="0.095" /><testcase classname="tests.backend_test.TestAuthZSalesOrders" name="test_staff_can_post_so" time="0.138" /><testcase classname="tests.backend_test.TestSalesOrders" name="test_list_sales_orders" time="0.049" /><testcase classname="tests.backend_test.TestAuthZSalesOrders" name="test_finance_cannot_post_so" time="0.046" /><testcase classname="tests.backend_test.TestSalesOrders" name="test_create_so" time="0.046" /><testcase classname="tests.backend_test.TestSalesOrders" name="test_update_so" time="0.047" /><testcase classname="tests.backend_test.TestSalesOrders" name="test_delete_so" time="0.047" /><testcase classname="tests.test_iter11.TestSuperAdminUserMgmt" name="test_susanto_list_users" time="0.546" /><testcase classname="tests.test_iter11.TestErwinBlocked" name="test_erwin_list_users_403" time="0.493" /><testcase classname="tests.test_iter11.TestSuperAdminUserMgmt" name="test_susanto_create_user" time="0.533" /><testcase classname="tests.test_iter11.TestErwinBlocked" name="test_erwin_create_user_403" time="0.083" /><testcase classname="tests.test_iter11.TestSuperAdminUserMgmt" name="test_susanto_update_user" time="0.048" /><testcase classname="tests.test_iter11.TestErwinBlocked" name="test_erwin_update_user_403" time="0.496" /><testcase classname="tests.test_iter11.TestSuperAdminUserMgmt" name="test_susanto_delete_user" time="0.044" /><testcase classname="tests.test_iter11.TestErwinBlocked" name="test_erwin_delete_user_403" time="0.098" /><testcase classname="tests.test_iter4.TestDeliveryAutocomplete" name="test_authenticated" time="0.543" /><testcase classname="tests.test_iter4.TestStatsMonthly" name="test_shape" time="0.498" /><testcase classname="tests.test_iter4.TestDeliveryAutocomplete" name="test_finance_can_view" time="0.541" /><testcase classname="tests.test_iter4.TestStatsMonthly" name="test_finance_can_view" time="0.536" /><testcase classname="tests.test_iter4.TestDeliveryAutocomplete" name="test_unauth" time="0.155" /><testcase classname="tests.test_iter4.TestStatsMonthly" name="test_store_can_view" time="0.559" /><testcase classname="tests.test_iter4.TestDeliveryAutocomplete" name="test_reflects_created_delivery" time="0.663" /><testcase classname="tests.test_iter4.TestStatsMonthly" name="test_unauth" time="0.160" /><testcase classname="tests.test_iter4.TestSOImportXlsx" name="test_admin_import_and_skip_duplicates" time="0.326" /><testcase classname="tests.test_iter4.TestSOAccess" name="test_store_can_get_sales_orders" time="0.044" /><testcase classname="tests.test_iter4.TestSOAccess" name="test_store_cannot_post_so" time="0.042" /><testcase classname="tests.test_iter4.TestSOAccess" name="test_store_cannot_delete_so" time="0.182" /><testcase classname="tests.test_iter4.TestSOAccess" name="test_store_cannot_put_so" time="0.324" /><testcase classname="tests.test_iter4.TestSOImportXlsx" name="test_staff_can_import" time="0.467" /><testcase classname="tests.test_iter4.TestParsePO" name="test_unauth" time="0.101" /><testcase classname="tests.test_iter4.TestParsePO" name="test_unsupported_format" time="0.092" /><testcase classname="tests.test_iter4.TestSOImportXlsx" name="test_finance_cannot_import" time="0.049" /><testcase classname="tests.test_iter4.TestParsePO" name="test_empty_file" time="0.046" /><testcase classname="tests.test_iter4.TestSOImportXlsx" name="test_store_cannot_import" time="0.054" /><testcase classname="tests.test_iter4.TestParsePO" name="test_valid_png_returns_fields" time="0.421"><failure message="AssertionError: parse-po failed: 500 Internal Server Error&#10;assert 500 == 200&#10; +  where 500 = &lt;Response [500]&gt;.status_code">E   AssertionError: parse-po failed: 500 Internal Server Error
    assert 500 == 200
     +  where 500 = &lt;Response [500]&gt;.status_code</failure></testcase><testcase classname="tests.test_iter8.TestIncomingReportXlsx" name="test_admin_download" time="0.424" /><testcase classname="tests.test_iter8.TestIncomingReportXlsx" name="test_store_download" time="0.549" /><testcase classname="tests.test_iter8.TestIssuancesXlsx" name="test_admin_has_price_columns" time="0.607" /><testcase classname="tests.test_iter8.TestIncomingReportXlsx" name="test_finance_download" time="0.551" /><testcase classname="tests.test_iter8.TestIssuancesXlsx" name="test_finance_has_price_columns" time="0.552" /><testcase classname="tests.test_iter8.TestIncomingReportXlsx" name="test_staff_forbidden" time="0.543" /><testcase classname="tests.test_iter8.TestIssuancesXlsx" name="test_store_no_price_columns" time="0.554" /><testcase classname="tests.test_iter8.TestDeliveriesXlsx" name="test_admin_download" time="0.058" /><testcase classname="tests.test_iter8.TestDeliveriesXlsx" name="test_store_can_download" time="0.048" /><testcase classname="tests.test_iter8.TestDeliveriesXlsx" name="test_staff_can_download" time="0.275" /><testcase classname="tests.test_iter8.TestDeliveriesXlsx" name="test_flattened_rows_per_item" time="0.101" /><testcase classname="tests.test_iter8.TestIssuancesXlsx" name="test_staff_forbidden" time="0.371" /><testcase classname="tests.backend_test.TestAuthZDeliveries" name="test_store_can_post_delivery" time="0.315" /><testcase classname="tests.test_iter9.TestPendingCountRBAC" name="test_admin_can_get" time="0.370" /><testcase classname="tests.backend_test.TestAuthZDeliveries" name="test_staff_cannot_delete_delivery" time="0.321" /><testcase classname="tests.backend_test.TestAuthZDeliveries" name="test_finance_cannot_post_delivery" time="0.101" /><testcase classname="tests.test_iter9.TestPendingCountRBAC" name="test_store_forbidden" time="0.403" /><testcase classname="tests.test_iter9.TestPendingCountRBAC" name="test_finance_forbidden" time="0.549" /><testcase classname="tests.test_iter11.TestErwinOtherAdminActions" name="test_erwin_can_view_logs" time="0.577" /><testcase classname="tests.test_iter9.TestPendingCountRBAC" name="test_unauth" time="0.169" /><testcase classname="tests.test_iter11.TestErwinOtherAdminActions" name="test_erwin_can_post_transaction" time="0.050" /><testcase classname="tests.test_iter11.TestErwinOtherAdminActions" name="test_erwin_can_review_store_request" time="0.051" /><testcase classname="tests.test_iter8.TestXlsxAuth" name="test_incoming_report_xlsx_unauth" time="0.101" /><testcase classname="tests.test_iter8.TestXlsxAuth" name="test_issuances_xlsx_unauth" time="0.247" /><testcase classname="tests.test_iter8.TestXlsxAuth" name="test_deliveries_xlsx_unauth" time="0.320" /><testcase classname="tests.test_iter12.TestNonAdminForbidden" name="test_staff_403" time="0.929" /><testcase classname="tests.backend_test.TestDeliveries" name="test_list_deliveries" time="0.047" /><testcase classname="tests.backend_test.TestDeliveries" name="test_create_delivery" time="0.044" /><testcase classname="tests.backend_test.TestGRNAutoUpdate" name="test_bulk_receive_updates_source_transaction" time="0.188" /><testcase classname="tests.backend_test.TestGRNAutoUpdate" name="test_bulk_receive_add_to_stock_false_sets_qty_remaining_0" time="0.457" /><testcase classname="tests.test_iter12.TestNonAdminForbidden" name="test_store_403" time="0.576" /><testcase classname="tests.backend_test.TestAdminDirectToggleAddToStock" name="test_toggle_off_and_on" time="0.488" /><testcase classname="tests.test_iter12.TestNonAdminForbidden" name="test_finance_403" time="0.623" /><testcase classname="tests.backend_test.TestAdminDirectToggleAddToStock" name="test_toggle_off_blocked_after_consumption" time="0.224" /><testcase classname="tests.test_iter12.TestAdminBulkDelete" name="test_susanto_bulk_delete_receipt" time="0.473" /><testcase classname="tests.test_iter12.TestEdgeCases" name="test_empty_ids_400" time="0.373" /><testcase classname="tests.test_iter12.TestEdgeCases" name="test_unknown_id_404" time="0.045" /><testcase classname="tests.test_iter13.TestGeminiMigration" name="test_endpoint_reachable_no_emergent_error" time="0.637" /><testcase classname="tests.test_iter12.TestAdminBulkDelete" name="test_erwin_bulk_delete_receipt" time="0.663" /><testcase classname="tests.test_iter13.TestGeminiMigration" name="test_unauth_denied" time="0.100" /><testcase classname="tests.backend_test.TestImportForcesPostToStoreFalse" name="test_import_xlsx_forces_post_to_store_false" time="0.425" /><testcase classname="tests.test_iter9.TestApprovalFlow" name="test_create_receipt_request_and_review" time="1.235" /><testcase classname="tests.backend_test.TestErwinAdmin" name="test_erwin_login" time="0.499" /><testcase classname="tests.backend_test.TestZCleanup" name="test_cleanup_test_transactions" time="0.091" /><testcase classname="tests.test_iter13.TestIncomingReportXlsxSO" name="test_xlsx_has_nomor_so_header" time="0.095" /><testcase classname="tests.test_iter13.TestZCleanup13" name="test_cleanup" time="0.084" /><testcase classname="tests.test_iter9.TestApprovalFlow" name="test_store_cannot_review" time="0.738" /><testcase classname="tests.test_iter4.TestDeliveryItemSoNo" name="test_so_no_stored_and_retrieved" time="0.832" /><testcase classname="tests.test_iter12.TestConsumedProtection" name="test_consumed_blocks_unless_force" time="0.757" /><testcase classname="tests.test_iter8.TestSalesOrderSort" name="test_sos_sorted_ascending" time="0.565" /></testsuite></testsuites>