<?xml version="1.0" encoding="utf-8"?><testsuites name="pytest tests"><testsuite name="pytest" errors="0" failures="0" skipped="0" tests="9" time="3.982" timestamp="2026-07-23T08:20:07.652520+00:00" hostname="agent-env-5c70c236-b091-48b9-954e-6da8077e5024"><testcase classname="tests.test_iter13.TestGeminiMigration" name="test_endpoint_reachable_no_emergent_error" time="2.217" /><testcase classname="tests.test_iter13.TestIssuanceTakers" name="test_endpoint_returns_200_array" time="2.257" /><testcase classname="tests.test_iter13.TestGeminiMigration" name="test_unauth_denied" time="0.133" /><testcase classname="tests.test_iter13.TestIncomingReportXlsxSO" name="test_xlsx_has_nomor_so_header" time="0.250" /><testcase classname="tests.test_iter13.TestIssuanceTakers" name="test_store_can_access" time="0.408" /><testcase classname="tests.test_iter13.TestZCleanup13" name="test_cleanup" time="0.047" /><testcase classname="tests.test_iter13.TestIssuanceTakers" name="test_finance_can_access" time="0.404" /><testcase classname="tests.test_iter13.TestIssuanceTakers" name="test_unauth_denied" time="0.130" /><testcase classname="tests.test_iter13.TestIssuanceTakers" name="test_takers_include_created_name" time="0.170" /></testsuite></testsuites>