<?xml version="1.0" encoding="utf-8"?><testsuites name="pytest tests"><testsuite name="pytest" errors="0" failures="1" skipped="4" tests="13" time="5.398" timestamp="2026-09-16T14:19:44.245143+00:00" hostname="agent-env-ff0ed4ac-8b8c-465d-aec9-760d7435842b"><testcase classname="tests.test_concurrency_docgen" name="test_login_returns_user" time="0.552" /><testcase classname="tests.test_concurrency_docgen" name="test_auth_me" time="0.458" /><testcase classname="tests.test_concurrency_docgen" name="test_core_reads[/transactions]" time="0.103" /><testcase classname="tests.test_concurrency_docgen" name="test_core_reads[/sales-orders]" time="0.083" /><testcase classname="tests.test_concurrency_docgen" name="test_core_reads[/stats]" time="0.088"><failure message="AssertionError: /stats =&gt; 404 {&quot;detail&quot;:&quot;Not Found&quot;}&#10;assert 404 in (200, 204)&#10; +  where 404 = &lt;Response [404]&gt;.status_code">backend/tests/test_concurrency_docgen.py:72: in test_core_reads
    assert r.status_code in (200, 204), f"{path} =&gt; {r.status_code} {r.text[:200]}"
E   AssertionError: /stats =&gt; 404 {"detail":"Not Found"}
E   assert 404 in (200, 204)
E    +  where 404 = &lt;Response [404]&gt;.status_code</failure></testcase><testcase classname="tests.test_concurrency_docgen" name="test_excel_preview_pdf" time="0.100"><skipped type="pytest.skip" message="No excel templates seeded/uploaded - skipping">/app/backend/tests/test_concurrency_docgen.py:89: No excel templates seeded/uploaded - skipping</skipped></testcase><testcase classname="tests.test_concurrency_docgen" name="test_excel_preview_raw" time="0.000"><skipped type="pytest.skip" message="No excel templates seeded/uploaded - skipping">/app/backend/tests/test_concurrency_docgen.py:96: No excel templates seeded/uploaded - skipping</skipped></testcase><testcase classname="tests.test_concurrency_docgen" name="test_excel_preview_page_meta" time="0.000"><skipped type="pytest.skip" message="No excel templates seeded/uploaded - skipping">/app/backend/tests/test_concurrency_docgen.py:102: No excel templates seeded/uploaded - skipping</skipped></testcase><testcase classname="tests.test_concurrency_docgen" name="test_excel_preview_page_image" time="0.000"><skipped type="pytest.skip" message="No excel templates seeded/uploaded - skipping">/app/backend/tests/test_concurrency_docgen.py:109: No excel templates seeded/uploaded - skipping</skipped></testcase><testcase classname="tests.test_concurrency_docgen" name="test_form_preview_pdf" time="0.452" /><testcase classname="tests.test_concurrency_docgen" name="test_form_preview_page_meta" time="0.329" /><testcase classname="tests.test_concurrency_docgen" name="test_form_preview_page_image" time="0.388" /><testcase classname="tests.test_concurrency_docgen" name="test_heavy_renders_do_not_block_light_requests" time="2.757" /></testsuite></testsuites>