<?xml version="1.0" encoding="utf-8"?><testsuites name="pytest tests"><testsuite name="pytest" errors="0" failures="0" skipped="0" tests="13" time="2.838" timestamp="2026-07-23T09:27:51.086136+00:00" hostname="agent-env-5c70c236-b091-48b9-954e-6da8077e5024"><testcase classname="tests.test_iter15.TestMCL" name="test_mcl_template_exists_and_endpoint_returns_xlsx" time="0.741" /><testcase classname="tests.test_iter15.TestBOM" name="test_engineer_can_list" time="0.658" /><testcase classname="tests.test_iter15.TestBOM" name="test_engineer_cannot_access_transactions" time="0.046" /><testcase classname="tests.test_iter15.TestBOM" name="test_upload_bom_without_reason_when_revision_exists" time="0.147" /><testcase classname="tests.test_iter15.TestMCL" name="test_mcl_grouping" time="0.254" /><testcase classname="tests.test_iter15.TestBOM" name="test_upload_bom_with_reason_creates_next_rev" time="0.066" /><testcase classname="tests.test_iter15.TestBOM" name="test_search_by_so" time="0.047" /><testcase classname="tests.test_iter15.TestBOM" name="test_engineer_cannot_annotate" time="0.130" /><testcase classname="tests.test_iter15.TestPlanDelivery" name="test_create_transaction_with_plan_delivery_and_export" time="0.571" /><testcase classname="tests.test_iter15.TestBOM" name="test_admin_can_annotate_and_persist" time="0.512" /><testcase classname="tests.test_iter15.TestBOM" name="test_history" time="0.047" /><testcase classname="tests.test_iter15.TestBOM" name="test_store_role_view_only" time="0.446" /><testcase classname="tests.test_iter15.TestBOM" name="test_delete_bom_admin_only" time="0.169" /></testsuite></testsuites>