<?xml version="1.0" encoding="utf-8"?><testsuites name="pytest tests"><testsuite name="pytest" errors="0" failures="0" skipped="1" tests="16" time="3.557" timestamp="2026-07-23T00:42:35.587002+00:00" hostname="agent-env-5c70c236-b091-48b9-954e-6da8077e5024"><testcase classname="tests.test_iter11.TestAuthMe" name="test_susanto_is_super_admin" time="0.581" /><testcase classname="tests.test_iter11.TestSuperAdminUserMgmt" name="test_susanto_list_users" time="0.630" /><testcase classname="tests.test_iter11.TestSuperAdminUserMgmt" name="test_susanto_create_user" time="0.507" /><testcase classname="tests.test_iter11.TestAuthMe" name="test_erwin_not_super_admin" time="0.557" /><testcase classname="tests.test_iter11.TestSuperAdminUserMgmt" name="test_susanto_update_user" time="0.057" /><testcase classname="tests.test_iter11.TestSuperAdminUserMgmt" name="test_susanto_delete_user" time="0.267" /><testcase classname="tests.test_iter11.TestAuthMe" name="test_staff_not_super_admin" time="0.371" /><testcase classname="tests.test_iter11.TestErwinBlocked" name="test_erwin_list_users_403" time="0.557" /><testcase classname="tests.test_iter11.TestErwinBlocked" name="test_erwin_create_user_403" time="0.051" /><testcase classname="tests.test_iter11.TestAuthMe" name="test_finance_not_super_admin" time="0.562" /><testcase classname="tests.test_iter11.TestErwinBlocked" name="test_erwin_update_user_403" time="0.115" /><testcase classname="tests.test_iter11.TestAuthMe" name="test_login_payload_has_super_admin_flag" time="0.678" /><testcase classname="tests.test_iter11.TestErwinBlocked" name="test_erwin_delete_user_403" time="0.279" /><testcase classname="tests.test_iter11.TestErwinOtherAdminActions" name="test_erwin_can_view_logs" time="0.051" /><testcase classname="tests.test_iter11.TestErwinOtherAdminActions" name="test_erwin_can_post_transaction" time="0.056" /><testcase classname="tests.test_iter11.TestErwinOtherAdminActions" name="test_erwin_can_review_store_request" time="0.366"><skipped type="pytest.skip" message="Cannot create store request: 422 {&quot;detail&quot;:[{&quot;type&quot;:&quot;missing&quot;,&quot;loc&quot;:[&quot;body&quot;,&quot;target_type&quot;],&quot;msg&quot;:&quot;Field required&quot;,&quot;input&quot;:{&quot;items&quot;:[{&quot;description&quot;:&quot;req test iter11&quot;,&quot;qty&quot;:1,&quot;unit&quot;:&quot;pcs&quot;}],&quot;notes&quot;:&quot;iter11 rbac test&quot;},&quot;url&quot;:&quot;https://errors.pydantic.dev/2.13/v/missing&quot;},{&quot;type&quot;:&quot;missing&quot;,&quot;loc&quot;:[&quot;body&quot;,&quot;target_id&quot;],&quot;msg&quot;:&quot;Field required&quot;,&quot;input&quot;:{&quot;items&quot;:[{&quot;description&quot;:&quot;req test iter11&quot;,&quot;qty&quot;:1,&quot;unit&quot;:&quot;pcs&quot;}],&quot;notes&quot;:&quot;iter11 rbac test&quot;},&quot;url&quot;:&quot;https://errors.pydantic.dev/2.13/v/missing&quot;},{&quot;type&quot;:&quot;missing&quot;,&quot;loc&quot;:[&quot;body&quot;,&quot;action_type&quot;],&quot;msg&quot;:&quot;Field required&quot;,&quot;input&quot;:{&quot;items&quot;:[{&quot;description&quot;:&quot;req test iter11&quot;,&quot;qty&quot;:1,&quot;unit&quot;:&quot;pcs&quot;}],&quot;notes&quot;:&quot;iter11 rbac test&quot;},&quot;url&quot;:&quot;https://errors.pydantic.dev/2.13/v/missing&quot;},{&quot;type&quot;:&quot;missing&quot;,&quot;loc&quot;:[&quot;body&quot;,&quot;reason&quot;],&quot;msg&quot;:&quot;Field required&quot;,&quot;input&quot;:{&quot;items&quot;:[{&quot;description&quot;:&quot;req test iter11&quot;,&quot;qty&quot;:1,&quot;unit&quot;:&quot;pcs&quot;}],&quot;notes&quot;:&quot;iter11 rbac test&quot;},&quot;url&quot;:&quot;https://errors.pydantic.dev/2.13/v/missing&quot;}]}">/app/backend/tests/test_iter11.py:167: Cannot create store request: 422 {"detail":[{"type":"missing","loc":["body","target_type"],"msg":"Field required","input":{"items":[{"description":"req test iter11","qty":1,"unit":"pcs"}],"notes":"iter11 rbac test"},"url":"https://errors.pydantic.dev/2.13/v/missing"},{"type":"missing","loc":["body","target_id"],"msg":"Field required","input":{"items":[{"description":"req test iter11","qty":1,"unit":"pcs"}],"notes":"iter11 rbac test"},"url":"https://errors.pydantic.dev/2.13/v/missing"},{"type":"missing","loc":["body","action_type"],"msg":"Field required","input":{"items":[{"description":"req test iter11","qty":1,"unit":"pcs"}],"notes":"iter11 rbac test"},"url":"https://errors.pydantic.dev/2.13/v/missing"},{"type":"missing","loc":["body","reason"],"msg":"Field required","input":{"items":[{"description":"req test iter11","qty":1,"unit":"pcs"}],"notes":"iter11 rbac test"},"url":"https://errors.pydantic.dev/2.13/v/missing"}]}</skipped></testcase></testsuite></testsuites>