<?xml version="1.0" encoding="utf-8"?><testsuites name="pytest tests"><testsuite name="pytest" errors="0" failures="0" skipped="0" tests="108" time="22.103" timestamp="2026-07-22T22:49:10.692350+00:00" hostname="agent-env-5c70c236-b091-48b9-954e-6da8077e5024"><testcase classname="tests.backend_test.TestAuth" name="test_login_wrong_password" time="0.383" /><testcase classname="tests.backend_test.TestAuth" name="test_login_success_sets_cookies" time="0.451" /><testcase classname="tests.backend_test.TestTransactions" name="test_list_seeded" time="0.837" /><testcase classname="tests.backend_test.TestAuth" name="test_me_requires_auth" time="0.103" /><testcase classname="tests.backend_test.TestTransactions" name="test_create_transaction" time="0.126" /><testcase classname="tests.backend_test.TestTransactions" name="test_update_transaction" time="0.374" /><testcase classname="tests.backend_test.TestAuth" name="test_me_admin" time="0.470" /><testcase classname="tests.backend_test.TestTransactions" name="test_master_vendors" time="0.061" /><testcase classname="tests.backend_test.TestTransactions" name="test_master_items" time="0.066" /><testcase classname="tests.backend_test.TestTransactions" name="test_stats_summary" time="0.287" /><testcase classname="tests.backend_test.TestAuth" name="test_me_store" time="0.386" /><testcase classname="tests.backend_test.TestTransactions" name="test_kpi" time="0.059" /><testcase classname="tests.backend_test.TestMultiCurrency" name="test_create_sgd_sets_total_price_idr" time="0.379" /><testcase classname="tests.backend_test.TestAuth" name="test_me_finance" time="0.381" /><testcase classname="tests.backend_test.TestAuth" name="test_logout_clears" time="0.448" /><testcase classname="tests.backend_test.TestMultiCurrency" name="test_idr_defaults_rate_1" time="0.330" /><testcase classname="tests.backend_test.TestMultiCurrency" name="test_put_recomputes_total_price_idr" time="0.318" /><testcase classname="tests.backend_test.TestBulkDelete" name="test_admin_bulk_delete" time="0.379" /><testcase classname="tests.backend_test.TestMultiCurrency" name="test_bulk_create_mixed_currency" time="0.507" /><testcase classname="tests.backend_test.TestMultiCurrency" name="test_seed_has_sgd_and_usd_with_idr_populated" time="0.055" /><testcase classname="tests.backend_test.TestBulkDelete" name="test_staff_bulk_delete_allowed" time="0.497" /><testcase classname="tests.backend_test.TestIncomingGoods" name="test_admin_post_incoming_multi_item" time="0.185" /><testcase classname="tests.backend_test.TestBulkDelete" name="test_finance_bulk_delete_403" time="0.182" /><testcase classname="tests.backend_test.TestBulkDelete" name="test_store_bulk_delete_403" time="0.392" /><testcase classname="tests.backend_test.TestIncomingGoods" name="test_store_can_post_incoming" time="0.430" /><testcase classname="tests.backend_test.TestBulkDelete" name="test_empty_ids_400" time="0.047" /><testcase classname="tests.backend_test.TestAdminUsers" name="test_list_users" time="0.225" /><testcase classname="tests.backend_test.TestIncomingGoods" name="test_finance_cannot_post_incoming" time="0.605" /><testcase classname="tests.backend_test.TestAdminUsers" name="test_create_and_toggle_user" time="0.409" /><testcase classname="tests.backend_test.TestIncomingGoods" name="test_incoming_report_filter_by_source" time="0.117" /><testcase classname="tests.backend_test.TestIncomingGoods" name="test_incoming_report_finance_access" time="0.071" /><testcase classname="tests.backend_test.TestAdminUsers" name="test_non_admin_cannot_list_users" time="0.087" /><testcase classname="tests.backend_test.TestStoreRole" name="test_store_stock_visible" time="0.096" /><testcase classname="tests.backend_test.TestAdminUsers" name="test_cleanup_created" time="0.045" /><testcase classname="tests.backend_test.TestFinanceRole" name="test_finance_can_view_transactions" time="0.055" /><testcase classname="tests.backend_test.TestStoreRole" name="test_store_pending_grouped" time="0.059" /><testcase classname="tests.backend_test.TestFinanceRole" name="test_finance_can_view_stats" time="0.092" /><testcase classname="tests.backend_test.TestStoreRole" name="test_store_pending_list" time="0.049" /><testcase classname="tests.backend_test.TestStoreRole" name="test_store_can_view_transactions" time="0.052" /><testcase classname="tests.backend_test.TestFinanceRole" name="test_finance_can_view_kpi" time="0.048" /><testcase classname="tests.backend_test.TestAuthZTransactions" name="test_store_cannot_post_transaction" time="0.048" /><testcase classname="tests.backend_test.TestFinanceRole" name="test_finance_cannot_post_transaction" time="0.085" /><testcase classname="tests.backend_test.TestAuthZTransactions" name="test_store_cannot_put_transaction" time="0.103" /><testcase classname="tests.backend_test.TestAuthZSalesOrders" name="test_store_cannot_post_so" time="0.049" /><testcase classname="tests.backend_test.TestAuthZSalesOrders" name="test_store_cannot_delete_so" time="0.158" /><testcase classname="tests.backend_test.TestAuthZTransactions" name="test_store_cannot_delete_transaction" time="0.098" /><testcase classname="tests.backend_test.TestAuthZSalesOrders" name="test_staff_can_post_so" time="0.304" /><testcase classname="tests.backend_test.TestAuthZSalesOrders" name="test_finance_cannot_post_so" time="0.087" /><testcase classname="tests.backend_test.TestAuthZTransactions" name="test_staff_can_post_transaction" time="0.525" /><testcase classname="tests.backend_test.TestSalesOrders" name="test_list_sales_orders" time="0.261" /><testcase classname="tests.backend_test.TestSalesOrders" name="test_create_so" time="0.066" /><testcase classname="tests.test_iter4.TestStatsMonthly" name="test_shape" time="0.457" /><testcase classname="tests.backend_test.TestSalesOrders" name="test_update_so" time="0.056" /><testcase classname="tests.backend_test.TestSalesOrders" name="test_delete_so" time="0.057" /><testcase classname="tests.test_iter4.TestStatsMonthly" name="test_finance_can_view" time="0.549" /><testcase classname="tests.test_iter4.TestDeliveryAutocomplete" name="test_authenticated" time="0.548" /><testcase classname="tests.test_iter4.TestStatsMonthly" name="test_store_can_view" time="0.548" /><testcase classname="tests.test_iter4.TestDeliveryAutocomplete" name="test_finance_can_view" time="0.540" /><testcase classname="tests.test_iter4.TestStatsMonthly" name="test_unauth" time="0.104" /><testcase classname="tests.test_iter4.TestDeliveryAutocomplete" name="test_unauth" time="0.097" /><testcase classname="tests.test_iter4.TestSOAccess" name="test_store_can_get_sales_orders" time="0.045" /><testcase classname="tests.test_iter4.TestSOAccess" name="test_store_cannot_post_so" time="0.046" /><testcase classname="tests.test_iter4.TestSOAccess" name="test_store_cannot_delete_so" time="0.431" /><testcase classname="tests.test_iter4.TestDeliveryAutocomplete" name="test_reflects_created_delivery" time="0.493" /><testcase classname="tests.test_iter4.TestSOAccess" name="test_store_cannot_put_so" time="0.180" /><testcase classname="tests.test_iter4.TestSOImportXlsx" name="test_admin_import_and_skip_duplicates" time="0.364" /><testcase classname="tests.test_iter4.TestParsePO" name="test_unauth" time="0.117" /><testcase classname="tests.test_iter4.TestParsePO" name="test_unsupported_format" time="0.091" /><testcase classname="tests.test_iter4.TestParsePO" name="test_empty_file" time="0.074" /><testcase classname="tests.test_iter4.TestParsePO" name="test_valid_png_returns_fields" time="7.807" /><testcase classname="tests.test_iter4.TestSOImportXlsx" name="test_staff_can_import" time="4.936" /><testcase classname="tests.test_iter4.TestSOImportXlsx" name="test_finance_cannot_import" time="0.066" /><testcase classname="tests.test_iter4.TestSOImportXlsx" name="test_store_cannot_import" time="0.051" /><testcase classname="tests.test_iter8.TestIssuancesXlsx" name="test_admin_has_price_columns" time="0.474" /><testcase classname="tests.test_iter8.TestIssuancesXlsx" name="test_finance_has_price_columns" time="0.397" /><testcase classname="tests.test_iter8.TestIssuancesXlsx" name="test_store_no_price_columns" time="0.394" /><testcase classname="tests.test_iter8.TestIssuancesXlsx" name="test_staff_forbidden" time="0.402" /><testcase classname="tests.test_iter8.TestDeliveriesXlsx" name="test_admin_download" time="0.071" /><testcase classname="tests.test_iter8.TestDeliveriesXlsx" name="test_store_can_download" time="0.063" /><testcase classname="tests.test_iter8.TestDeliveriesXlsx" name="test_staff_can_download" time="0.067" /><testcase classname="tests.test_iter8.TestDeliveriesXlsx" name="test_flattened_rows_per_item" time="0.115" /><testcase classname="tests.test_iter9.TestPendingCountRBAC" name="test_admin_can_get" time="0.382" /><testcase classname="tests.test_iter9.TestPendingCountRBAC" name="test_store_forbidden" time="0.384" /><testcase classname="tests.test_iter9.TestPendingCountRBAC" name="test_finance_forbidden" time="0.547" /><testcase classname="tests.test_iter8.TestIncomingReportXlsx" name="test_admin_download" time="0.560" /><testcase classname="tests.test_iter9.TestPendingCountRBAC" name="test_unauth" time="0.132" /><testcase classname="tests.backend_test.TestAuthZDeliveries" name="test_store_can_post_delivery" time="0.304" /><testcase classname="tests.backend_test.TestAuthZDeliveries" name="test_staff_cannot_delete_delivery" time="0.172" /><testcase classname="tests.test_iter8.TestIncomingReportXlsx" name="test_store_download" time="0.424" /><testcase classname="tests.backend_test.TestAuthZDeliveries" name="test_finance_cannot_post_delivery" time="0.266" /><testcase classname="tests.test_iter8.TestIncomingReportXlsx" name="test_finance_download" time="0.412" /><testcase classname="tests.test_iter8.TestXlsxAuth" name="test_incoming_report_xlsx_unauth" time="0.103" /><testcase classname="tests.test_iter8.TestXlsxAuth" name="test_issuances_xlsx_unauth" time="0.317" /><testcase classname="tests.test_iter8.TestXlsxAuth" name="test_deliveries_xlsx_unauth" time="0.110" /><testcase classname="tests.test_iter8.TestIncomingReportXlsx" name="test_staff_forbidden" time="0.438" /><testcase classname="tests.backend_test.TestDeliveries" name="test_list_deliveries" time="0.050" /><testcase classname="tests.backend_test.TestGRNAutoUpdate" name="test_bulk_receive_updates_source_transaction" time="0.257" /><testcase classname="tests.backend_test.TestDeliveries" name="test_create_delivery" time="0.093" /><testcase classname="tests.backend_test.TestAdminDirectToggleAddToStock" name="test_toggle_off_and_on" time="0.290" /><testcase classname="tests.backend_test.TestGRNAutoUpdate" name="test_bulk_receive_add_to_stock_false_sets_qty_remaining_0" time="0.351" /><testcase classname="tests.backend_test.TestAdminDirectToggleAddToStock" name="test_toggle_off_blocked_after_consumption" time="0.194" /><testcase classname="tests.backend_test.TestImportForcesPostToStoreFalse" name="test_import_xlsx_forces_post_to_store_false" time="0.440" /><testcase classname="tests.test_iter9.TestApprovalFlow" name="test_create_receipt_request_and_review" time="1.526" /><testcase classname="tests.backend_test.TestErwinAdmin" name="test_erwin_login" time="0.554" /><testcase classname="tests.backend_test.TestZCleanup" name="test_cleanup_test_transactions" time="0.094" /><testcase classname="tests.test_iter8.TestSalesOrderSort" name="test_sos_sorted_ascending" time="0.386" /><testcase classname="tests.test_iter9.TestApprovalFlow" name="test_store_cannot_review" time="0.371" /><testcase classname="tests.test_iter4.TestDeliveryItemSoNo" name="test_so_no_stored_and_retrieved" time="0.825" /></testsuite></testsuites>