<?xml version="1.0" encoding="utf-8"?><testsuites name="pytest tests"><testsuite name="pytest" errors="0" failures="0" skipped="0" tests="16" time="3.553" timestamp="2026-07-22T22:33:21.284938+00:00" hostname="agent-env-5c70c236-b091-48b9-954e-6da8077e5024"><testcase classname="tests.test_iter8.TestIssuancesXlsx" name="test_admin_has_price_columns" time="0.791" /><testcase classname="tests.test_iter8.TestIncomingReportXlsx" name="test_admin_download" time="0.797" /><testcase classname="tests.test_iter8.TestIssuancesXlsx" name="test_finance_has_price_columns" time="0.620" /><testcase classname="tests.test_iter8.TestIncomingReportXlsx" name="test_store_download" time="0.612" /><testcase classname="tests.test_iter8.TestIncomingReportXlsx" name="test_finance_download" time="0.585" /><testcase classname="tests.test_iter8.TestIssuancesXlsx" name="test_store_no_price_columns" time="0.630" /><testcase classname="tests.test_iter8.TestIncomingReportXlsx" name="test_staff_forbidden" time="0.585" /><testcase classname="tests.test_iter8.TestIssuancesXlsx" name="test_staff_forbidden" time="0.586" /><testcase classname="tests.test_iter8.TestDeliveriesXlsx" name="test_admin_download" time="0.066" /><testcase classname="tests.test_iter8.TestXlsxAuth" name="test_incoming_report_xlsx_unauth" time="0.146" /><testcase classname="tests.test_iter8.TestDeliveriesXlsx" name="test_store_can_download" time="0.056" /><testcase classname="tests.test_iter8.TestDeliveriesXlsx" name="test_staff_can_download" time="0.052" /><testcase classname="tests.test_iter8.TestDeliveriesXlsx" name="test_flattened_rows_per_item" time="0.115" /><testcase classname="tests.test_iter8.TestXlsxAuth" name="test_issuances_xlsx_unauth" time="0.144" /><testcase classname="tests.test_iter8.TestSalesOrderSort" name="test_sos_sorted_ascending" time="0.109" /><testcase classname="tests.test_iter8.TestXlsxAuth" name="test_deliveries_xlsx_unauth" time="0.108" /></testsuite></testsuites>