<?xml version="1.0" encoding="utf-8"?><testsuites name="pytest tests"><testsuite name="pytest" errors="0" failures="0" skipped="0" tests="33" time="4.318" timestamp="2026-07-22T14:42:47.879614+00:00" hostname="agent-env-5c70c236-b091-48b9-954e-6da8077e5024"><testcase classname="tests.backend_test.TestAuth" name="test_login_wrong_password" time="0.591" /><testcase classname="tests.backend_test.TestTransactions" name="test_list_seeded" time="0.592" /><testcase classname="tests.backend_test.TestAuth" name="test_login_success_sets_cookies" time="0.348" /><testcase classname="tests.backend_test.TestTransactions" name="test_create_transaction" time="0.334" /><testcase classname="tests.backend_test.TestTransactions" name="test_update_transaction" time="0.153" /><testcase classname="tests.backend_test.TestAuth" name="test_me_requires_auth" time="0.204" /><testcase classname="tests.backend_test.TestTransactions" name="test_master_vendors" time="0.394" /><testcase classname="tests.backend_test.TestTransactions" name="test_master_items" time="0.051" /><testcase classname="tests.backend_test.TestAuth" name="test_me_admin" time="0.446" /><testcase classname="tests.backend_test.TestTransactions" name="test_stats_summary" time="0.054" /><testcase classname="tests.backend_test.TestTransactions" name="test_kpi" time="0.051" /><testcase classname="tests.backend_test.TestAdminUsers" name="test_list_users" time="0.050" /><testcase classname="tests.backend_test.TestAdminUsers" name="test_create_and_toggle_user" time="0.566" /><testcase classname="tests.backend_test.TestAuth" name="test_me_store" time="0.563" /><testcase classname="tests.backend_test.TestAuth" name="test_me_finance" time="0.553" /><testcase classname="tests.backend_test.TestAuth" name="test_logout_clears" time="0.657" /><testcase classname="tests.backend_test.TestAdminUsers" name="test_non_admin_cannot_list_users" time="0.546" /><testcase classname="tests.backend_test.TestAdminUsers" name="test_cleanup_created" time="0.242" /><testcase classname="tests.backend_test.TestStoreRole" name="test_store_stock_visible" time="0.069" /><testcase classname="tests.backend_test.TestFinanceRole" name="test_finance_can_view_transactions" time="0.429" /><testcase classname="tests.backend_test.TestStoreRole" name="test_store_pending_grouped" time="0.077" /><testcase classname="tests.backend_test.TestFinanceRole" name="test_finance_can_view_stats" time="0.098" /><testcase classname="tests.backend_test.TestStoreRole" name="test_store_pending_list" time="0.067" /><testcase classname="tests.backend_test.TestFinanceRole" name="test_finance_can_view_kpi" time="0.049" /><testcase classname="tests.backend_test.TestStoreRole" name="test_store_can_view_transactions" time="0.066" /><testcase classname="tests.backend_test.TestFinanceRole" name="test_finance_cannot_post_transaction" time="0.050" /><testcase classname="tests.backend_test.TestSalesOrders" name="test_list_sales_orders" time="0.065" /><testcase classname="tests.backend_test.TestDeliveries" name="test_list_deliveries" time="0.048" /><testcase classname="tests.backend_test.TestSalesOrders" name="test_create_so" time="0.065" /><testcase classname="tests.backend_test.TestDeliveries" name="test_create_delivery" time="0.051" /><testcase classname="tests.backend_test.TestZCleanup" name="test_cleanup_test_transactions" time="0.101" /><testcase classname="tests.backend_test.TestSalesOrders" name="test_update_so" time="0.107" /><testcase classname="tests.backend_test.TestSalesOrders" name="test_delete_so" time="0.065" /></testsuite></testsuites>