<?xml version="1.0" encoding="utf-8"?><testsuites name="pytest tests"><testsuite name="pytest" errors="0" failures="0" skipped="0" tests="86" time="14.556" timestamp="2026-07-22T15:33:22.034579+00:00" hostname="agent-env-5c70c236-b091-48b9-954e-6da8077e5024"><testcase classname="tests.backend_test.TestAuth" name="test_login_wrong_password" time="0.637" /><testcase classname="tests.backend_test.TestTransactions" name="test_list_seeded" time="0.638" /><testcase classname="tests.backend_test.TestAuth" name="test_login_success_sets_cookies" time="0.377" /><testcase classname="tests.backend_test.TestTransactions" name="test_create_transaction" time="0.368" /><testcase classname="tests.backend_test.TestTransactions" name="test_update_transaction" time="0.233" /><testcase classname="tests.backend_test.TestAuth" name="test_me_requires_auth" time="0.195" /><testcase classname="tests.backend_test.TestTransactions" name="test_master_vendors" time="0.081" /><testcase classname="tests.backend_test.TestTransactions" name="test_master_items" time="0.248" /><testcase classname="tests.backend_test.TestAuth" name="test_me_admin" time="0.441" /><testcase classname="tests.backend_test.TestTransactions" name="test_stats_summary" time="0.124" /><testcase classname="tests.backend_test.TestTransactions" name="test_kpi" time="0.076" /><testcase classname="tests.backend_test.TestMultiCurrency" name="test_create_sgd_sets_total_price_idr" time="0.385" /><testcase classname="tests.backend_test.TestAuth" name="test_me_store" time="0.428" /><testcase classname="tests.backend_test.TestMultiCurrency" name="test_idr_defaults_rate_1" time="0.465" /><testcase classname="tests.backend_test.TestAuth" name="test_me_finance" time="0.545" /><testcase classname="tests.backend_test.TestMultiCurrency" name="test_put_recomputes_total_price_idr" time="0.577" /><testcase classname="tests.backend_test.TestAuth" name="test_logout_clears" time="0.499" /><testcase classname="tests.backend_test.TestBulkDelete" name="test_admin_bulk_delete" time="0.517" /><testcase classname="tests.backend_test.TestMultiCurrency" name="test_bulk_create_mixed_currency" time="0.443" /><testcase classname="tests.backend_test.TestMultiCurrency" name="test_seed_has_sgd_and_usd_with_idr_populated" time="0.076" /><testcase classname="tests.backend_test.TestIncomingGoods" name="test_admin_post_incoming_multi_item" time="0.349" /><testcase classname="tests.backend_test.TestBulkDelete" name="test_staff_bulk_delete_allowed" time="0.531" /><testcase classname="tests.backend_test.TestBulkDelete" name="test_finance_bulk_delete_403" time="0.438" /><testcase classname="tests.backend_test.TestIncomingGoods" name="test_store_can_post_incoming" time="0.486" /><testcase classname="tests.backend_test.TestBulkDelete" name="test_store_bulk_delete_403" time="0.531" /><testcase classname="tests.backend_test.TestIncomingGoods" name="test_finance_cannot_post_incoming" time="0.379" /><testcase classname="tests.backend_test.TestIncomingGoods" name="test_incoming_report_filter_by_source" time="0.151" /><testcase classname="tests.backend_test.TestIncomingGoods" name="test_incoming_report_finance_access" time="0.051" /><testcase classname="tests.backend_test.TestStoreRole" name="test_store_stock_visible" time="0.089" /><testcase classname="tests.backend_test.TestBulkDelete" name="test_empty_ids_400" time="0.085" /><testcase classname="tests.backend_test.TestStoreRole" name="test_store_pending_grouped" time="0.089" /><testcase classname="tests.backend_test.TestAdminUsers" name="test_list_users" time="0.087" /><testcase classname="tests.backend_test.TestAdminUsers" name="test_create_and_toggle_user" time="0.481" /><testcase classname="tests.backend_test.TestStoreRole" name="test_store_pending_list" time="0.309" /><testcase classname="tests.backend_test.TestStoreRole" name="test_store_can_view_transactions" time="0.080" /><testcase classname="tests.backend_test.TestFinanceRole" name="test_finance_can_view_transactions" time="0.048" /><testcase classname="tests.backend_test.TestFinanceRole" name="test_finance_can_view_stats" time="0.091" /><testcase classname="tests.backend_test.TestAdminUsers" name="test_non_admin_cannot_list_users" time="0.050" /><testcase classname="tests.backend_test.TestAdminUsers" name="test_cleanup_created" time="0.076" /><testcase classname="tests.backend_test.TestFinanceRole" name="test_finance_can_view_kpi" time="0.050" /><testcase classname="tests.backend_test.TestFinanceRole" name="test_finance_cannot_post_transaction" time="0.049" /><testcase classname="tests.backend_test.TestAuthZTransactions" name="test_store_cannot_post_transaction" time="0.112" /><testcase classname="tests.backend_test.TestAuthZSalesOrders" name="test_store_cannot_post_so" time="0.075" /><testcase classname="tests.backend_test.TestAuthZSalesOrders" name="test_store_cannot_delete_so" time="0.224" /><testcase classname="tests.backend_test.TestAuthZTransactions" name="test_store_cannot_put_transaction" time="0.145" /><testcase classname="tests.backend_test.TestAuthZTransactions" name="test_store_cannot_delete_transaction" time="0.456" /><testcase classname="tests.backend_test.TestAuthZSalesOrders" name="test_staff_can_post_so" time="0.539" /><testcase classname="tests.backend_test.TestAuthZTransactions" name="test_staff_can_post_transaction" time="0.142" /><testcase classname="tests.backend_test.TestSalesOrders" name="test_list_sales_orders" time="0.086" /><testcase classname="tests.backend_test.TestAuthZSalesOrders" name="test_finance_cannot_post_so" time="0.048" /><testcase classname="tests.backend_test.TestSalesOrders" name="test_create_so" time="0.077" /><testcase classname="tests.backend_test.TestSalesOrders" name="test_update_so" time="0.235" /><testcase classname="tests.backend_test.TestSalesOrders" name="test_delete_so" time="0.112" /><testcase classname="tests.test_iter4.TestStatsMonthly" name="test_shape" time="0.406" /><testcase classname="tests.test_iter4.TestStatsMonthly" name="test_finance_can_view" time="0.556" /><testcase classname="tests.test_iter4.TestDeliveryAutocomplete" name="test_authenticated" time="0.601" /><testcase classname="tests.test_iter4.TestStatsMonthly" name="test_store_can_view" time="0.576" /><testcase classname="tests.test_iter4.TestStatsMonthly" name="test_unauth" time="0.131" /><testcase classname="tests.test_iter4.TestDeliveryAutocomplete" name="test_finance_can_view" time="0.556" /><testcase classname="tests.test_iter4.TestDeliveryAutocomplete" name="test_unauth" time="0.106" /><testcase classname="tests.test_iter4.TestSOAccess" name="test_store_can_get_sales_orders" time="0.069" /><testcase classname="tests.test_iter4.TestSOAccess" name="test_store_cannot_post_so" time="0.075" /><testcase classname="tests.test_iter4.TestSOAccess" name="test_store_cannot_delete_so" time="0.375" /><testcase classname="tests.test_iter4.TestDeliveryAutocomplete" name="test_reflects_created_delivery" time="0.633" /><testcase classname="tests.test_iter4.TestSOAccess" name="test_store_cannot_put_so" time="0.171" /><testcase classname="tests.test_iter4.TestSOImportXlsx" name="test_admin_import_and_skip_duplicates" time="0.369" /><testcase classname="tests.test_iter4.TestParsePO" name="test_unauth" time="0.135" /><testcase classname="tests.test_iter4.TestParsePO" name="test_unsupported_format" time="0.055" /><testcase classname="tests.test_iter4.TestParsePO" name="test_empty_file" time="0.085" /><testcase classname="tests.test_iter4.TestParsePO" name="test_valid_png_returns_fields" time="4.026" /><testcase classname="tests.test_iter4.TestSOImportXlsx" name="test_staff_can_import" time="0.609" /><testcase classname="tests.test_iter4.TestSOImportXlsx" name="test_finance_cannot_import" time="0.079" /><testcase classname="tests.test_iter4.TestSOImportXlsx" name="test_store_cannot_import" time="0.085" /><testcase classname="tests.backend_test.TestDeliveries" name="test_list_deliveries" time="0.091" /><testcase classname="tests.backend_test.TestDeliveries" name="test_create_delivery" time="0.075" /><testcase classname="tests.backend_test.TestGRNAutoUpdate" name="test_bulk_receive_updates_source_transaction" time="0.307" /><testcase classname="tests.backend_test.TestGRNAutoUpdate" name="test_bulk_receive_add_to_stock_false_sets_qty_remaining_0" time="0.298" /><testcase classname="tests.backend_test.TestAdminDirectToggleAddToStock" name="test_toggle_off_and_on" time="0.451" /><testcase classname="tests.backend_test.TestAdminDirectToggleAddToStock" name="test_toggle_off_blocked_after_consumption" time="0.299" /><testcase classname="tests.backend_test.TestImportForcesPostToStoreFalse" name="test_import_xlsx_forces_post_to_store_false" time="0.368" /><testcase classname="tests.backend_test.TestErwinAdmin" name="test_erwin_login" time="0.399" /><testcase classname="tests.backend_test.TestZCleanup" name="test_cleanup_test_transactions" time="0.162" /><testcase classname="tests.test_iter4.TestDeliveryItemSoNo" name="test_so_no_stored_and_retrieved" time="0.881" /><testcase classname="tests.backend_test.TestAuthZDeliveries" name="test_store_can_post_delivery" time="0.190" /><testcase classname="tests.backend_test.TestAuthZDeliveries" name="test_staff_cannot_delete_delivery" time="0.201" /><testcase classname="tests.backend_test.TestAuthZDeliveries" name="test_finance_cannot_post_delivery" time="0.050" /></testsuite></testsuites>