<?xml version="1.0" encoding="utf-8"?><testsuites name="pytest tests"><testsuite name="pytest" errors="0" failures="0" skipped="0" tests="86" time="14.984" timestamp="2026-07-22T16:00:00.262515+00:00" hostname="agent-env-5c70c236-b091-48b9-954e-6da8077e5024"><testcase classname="tests.backend_test.TestAuth" name="test_login_wrong_password" time="0.736" /><testcase classname="tests.backend_test.TestTransactions" name="test_list_seeded" time="0.726" /><testcase classname="tests.backend_test.TestTransactions" name="test_create_transaction" time="0.107" /><testcase classname="tests.backend_test.TestAuth" name="test_login_success_sets_cookies" time="0.424" /><testcase classname="tests.backend_test.TestTransactions" name="test_update_transaction" time="0.404" /><testcase classname="tests.backend_test.TestAuth" name="test_me_requires_auth" time="0.218" /><testcase classname="tests.backend_test.TestTransactions" name="test_master_vendors" time="0.123" /><testcase classname="tests.backend_test.TestTransactions" name="test_master_items" time="0.115" /><testcase classname="tests.backend_test.TestTransactions" name="test_stats_summary" time="0.084" /><testcase classname="tests.backend_test.TestTransactions" name="test_kpi" time="0.101" /><testcase classname="tests.backend_test.TestMultiCurrency" name="test_create_sgd_sets_total_price_idr" time="0.392" /><testcase classname="tests.backend_test.TestAuth" name="test_me_admin" time="0.683" /><testcase classname="tests.backend_test.TestMultiCurrency" name="test_idr_defaults_rate_1" time="0.096" /><testcase classname="tests.backend_test.TestMultiCurrency" name="test_put_recomputes_total_price_idr" time="0.433" /><testcase classname="tests.backend_test.TestAuth" name="test_me_store" time="0.463" /><testcase classname="tests.backend_test.TestMultiCurrency" name="test_bulk_create_mixed_currency" time="0.711" /><testcase classname="tests.backend_test.TestAuth" name="test_me_finance" time="0.442" /><testcase classname="tests.backend_test.TestAuth" name="test_logout_clears" time="0.476" /><testcase classname="tests.backend_test.TestMultiCurrency" name="test_seed_has_sgd_and_usd_with_idr_populated" time="0.049" /><testcase classname="tests.backend_test.TestIncomingGoods" name="test_admin_post_incoming_multi_item" time="0.101" /><testcase classname="tests.backend_test.TestBulkDelete" name="test_admin_bulk_delete" time="0.932" /><testcase classname="tests.backend_test.TestIncomingGoods" name="test_store_can_post_incoming" time="0.446" /><testcase classname="tests.backend_test.TestIncomingGoods" name="test_finance_cannot_post_incoming" time="0.447" /><testcase classname="tests.backend_test.TestIncomingGoods" name="test_incoming_report_filter_by_source" time="0.099" /><testcase classname="tests.backend_test.TestIncomingGoods" name="test_incoming_report_finance_access" time="0.073" /><testcase classname="tests.backend_test.TestAdminUsers" name="test_list_users" time="0.217" /><testcase classname="tests.backend_test.TestBulkDelete" name="test_staff_bulk_delete_allowed" time="0.688" /><testcase classname="tests.backend_test.TestAdminUsers" name="test_create_and_toggle_user" time="0.376" /><testcase classname="tests.backend_test.TestBulkDelete" name="test_finance_bulk_delete_403" time="0.423" /><testcase classname="tests.backend_test.TestBulkDelete" name="test_store_bulk_delete_403" time="0.311" /><testcase classname="tests.backend_test.TestAdminUsers" name="test_non_admin_cannot_list_users" time="0.517" /><testcase classname="tests.backend_test.TestAdminUsers" name="test_cleanup_created" time="0.049" /><testcase classname="tests.backend_test.TestStoreRole" name="test_store_stock_visible" time="0.066" /><testcase classname="tests.backend_test.TestStoreRole" name="test_store_pending_grouped" time="0.062" /><testcase classname="tests.backend_test.TestBulkDelete" name="test_empty_ids_400" time="0.115" /><testcase classname="tests.backend_test.TestStoreRole" name="test_store_pending_list" time="0.078" /><testcase classname="tests.backend_test.TestStoreRole" name="test_store_can_view_transactions" time="0.062" /><testcase classname="tests.backend_test.TestFinanceRole" name="test_finance_can_view_transactions" time="0.061" /><testcase classname="tests.backend_test.TestAuthZTransactions" name="test_store_cannot_post_transaction" time="0.063" /><testcase classname="tests.backend_test.TestFinanceRole" name="test_finance_can_view_stats" time="0.073" /><testcase classname="tests.backend_test.TestAuthZTransactions" name="test_store_cannot_put_transaction" time="0.145" /><testcase classname="tests.backend_test.TestFinanceRole" name="test_finance_can_view_kpi" time="0.045" /><testcase classname="tests.backend_test.TestFinanceRole" name="test_finance_cannot_post_transaction" time="0.067" /><testcase classname="tests.backend_test.TestAuthZTransactions" name="test_store_cannot_delete_transaction" time="0.115" /><testcase classname="tests.backend_test.TestAuthZSalesOrders" name="test_store_cannot_post_so" time="0.067" /><testcase classname="tests.backend_test.TestAuthZSalesOrders" name="test_store_cannot_delete_so" time="0.232" /><testcase classname="tests.backend_test.TestAuthZTransactions" name="test_staff_can_post_transaction" time="0.160" /><testcase classname="tests.backend_test.TestSalesOrders" name="test_list_sales_orders" time="0.053" /><testcase classname="tests.backend_test.TestAuthZSalesOrders" name="test_staff_can_post_so" time="0.173" /><testcase classname="tests.backend_test.TestSalesOrders" name="test_create_so" time="0.048" /><testcase classname="tests.backend_test.TestSalesOrders" name="test_update_so" time="0.050" /><testcase classname="tests.backend_test.TestSalesOrders" name="test_delete_so" time="0.049" /><testcase classname="tests.backend_test.TestAuthZSalesOrders" name="test_finance_cannot_post_so" time="0.068" /><testcase classname="tests.test_iter4.TestDeliveryAutocomplete" name="test_authenticated" time="0.696" /><testcase classname="tests.test_iter4.TestStatsMonthly" name="test_shape" time="0.590" /><testcase classname="tests.test_iter4.TestStatsMonthly" name="test_finance_can_view" time="0.579" /><testcase classname="tests.test_iter4.TestDeliveryAutocomplete" name="test_finance_can_view" time="0.614" /><testcase classname="tests.test_iter4.TestDeliveryAutocomplete" name="test_unauth" time="0.297" /><testcase classname="tests.test_iter4.TestStatsMonthly" name="test_store_can_view" time="0.419" /><testcase classname="tests.test_iter4.TestStatsMonthly" name="test_unauth" time="0.137" /><testcase classname="tests.test_iter4.TestSOAccess" name="test_store_can_get_sales_orders" time="0.214" /><testcase classname="tests.test_iter4.TestDeliveryAutocomplete" name="test_reflects_created_delivery" time="0.608" /><testcase classname="tests.test_iter4.TestSOAccess" name="test_store_cannot_post_so" time="0.058" /><testcase classname="tests.test_iter4.TestSOAccess" name="test_store_cannot_delete_so" time="0.212" /><testcase classname="tests.test_iter4.TestSOImportXlsx" name="test_admin_import_and_skip_duplicates" time="0.453" /><testcase classname="tests.test_iter4.TestSOAccess" name="test_store_cannot_put_so" time="0.207" /><testcase classname="tests.test_iter4.TestParsePO" name="test_unauth" time="0.176" /><testcase classname="tests.test_iter4.TestParsePO" name="test_unsupported_format" time="0.094" /><testcase classname="tests.test_iter4.TestParsePO" name="test_empty_file" time="0.273" /><testcase classname="tests.test_iter4.TestSOImportXlsx" name="test_staff_can_import" time="0.549" /><testcase classname="tests.test_iter4.TestParsePO" name="test_valid_png_returns_fields" time="3.561" /><testcase classname="tests.test_iter4.TestSOImportXlsx" name="test_finance_cannot_import" time="0.071" /><testcase classname="tests.test_iter4.TestSOImportXlsx" name="test_store_cannot_import" time="0.097" /><testcase classname="tests.backend_test.TestDeliveries" name="test_list_deliveries" time="0.049" /><testcase classname="tests.backend_test.TestDeliveries" name="test_create_delivery" time="0.046" /><testcase classname="tests.backend_test.TestGRNAutoUpdate" name="test_bulk_receive_updates_source_transaction" time="0.214" /><testcase classname="tests.backend_test.TestGRNAutoUpdate" name="test_bulk_receive_add_to_stock_false_sets_qty_remaining_0" time="0.250" /><testcase classname="tests.backend_test.TestAdminDirectToggleAddToStock" name="test_toggle_off_and_on" time="0.311" /><testcase classname="tests.backend_test.TestAdminDirectToggleAddToStock" name="test_toggle_off_blocked_after_consumption" time="0.203" /><testcase classname="tests.backend_test.TestImportForcesPostToStoreFalse" name="test_import_xlsx_forces_post_to_store_false" time="0.338" /><testcase classname="tests.backend_test.TestErwinAdmin" name="test_erwin_login" time="0.392" /><testcase classname="tests.backend_test.TestZCleanup" name="test_cleanup_test_transactions" time="0.098" /><testcase classname="tests.test_iter4.TestDeliveryItemSoNo" name="test_so_no_stored_and_retrieved" time="1.003" /><testcase classname="tests.backend_test.TestAuthZDeliveries" name="test_store_can_post_delivery" time="0.739" /><testcase classname="tests.backend_test.TestAuthZDeliveries" name="test_staff_cannot_delete_delivery" time="0.228" /><testcase classname="tests.backend_test.TestAuthZDeliveries" name="test_finance_cannot_post_delivery" time="0.127" /></testsuite></testsuites>