<?xml version="1.0" encoding="utf-8"?><testsuites name="pytest tests"><testsuite name="pytest" errors="0" failures="0" skipped="0" tests="5" time="2.391" timestamp="2026-09-26T07:00:43.907768+00:00" hostname="agent-env-ff0ed4ac-8b8c-465d-aec9-760d7435842b"><testcase classname="tests.test_temp_tx_retry" name="test_case_a_transient_then_success" time="0.842" /><testcase classname="tests.test_temp_tx_retry" name="test_case_b_all_transient_uses_fallback_and_friendly_error" time="0.002" /><testcase classname="tests.test_temp_tx_retry" name="test_case_c_non_transient_raises_immediately" time="0.002" /><testcase classname="tests.test_temp_tx_retry" name="test_upload_endpoint_400_when_no_api_key" time="0.494" /><testcase classname="tests.test_temp_tx_retry" name="test_backend_healthy_after_tests" time="0.109" /></testsuite></testsuites>